<?xml version="1.0" encoding="UTF-8"?>
<!-- Generated by org.testng.reporters.JUnitReportReporter -->
<testsuite hostname="LAPTOP-88OL1HSR" failures="0" tests="1" name="automationTest.UserCustomeField" time="68.764" errors="0" timestamp="2024-02-12T17:41:47 IST" skipped="0">
  <testcase classname="automationTest.UserCustomeField" name="UserCustomeField" time="68.764"/>
</testsuite> <!-- automationTest.UserCustomeField -->
