<?xml version="1.0" encoding="UTF-8"?>
<!-- Generated by org.testng.reporters.JUnitReportReporter -->
<testsuite hostname="LAPTOP-88OL1HSR" failures="0" tests="1" name="automationTest.AddNewUser" time="38.438" errors="0" timestamp="2024-02-12T17:38:28 IST" skipped="0">
  <testcase classname="automationTest.AddNewUser" name="addNewUser" time="38.438"/>
</testsuite> <!-- automationTest.AddNewUser -->
