<?xml version="1.0" encoding="UTF-8"?>
<!-- Generated by org.testng.reporters.JUnitReportReporter -->
<testsuite hostname="LAPTOP-88OL1HSR" failures="0" tests="1" name="automationTest.AddNewUser1" time="61.095" errors="0" timestamp="2024-02-12T00:26:12 IST" skipped="0">
  <testcase classname="automationTest.AddNewUser1" name="addNewUser" time="61.095"/>
</testsuite> <!-- automationTest.AddNewUser1 -->
