<?xml version="1.0" encoding="UTF-8"?>
<!-- Generated by org.testng.reporters.JUnitReportReporter -->
<testsuite hostname="LAPTOP-88OL1HSR" failures="0" tests="1" name="automationTest.WorkspaceSetting" time="33.555" errors="0" timestamp="2024-02-12T17:32:30 IST" skipped="0">
  <testcase classname="automationTest.WorkspaceSetting" name="workspacrSetting" time="33.555"/>
</testsuite> <!-- automationTest.WorkspaceSetting -->
